Release 14.7 - xst P.20131013 (nt64)
Copyright (c) 1995-2013 Xilinx, Inc.  All rights reserved.
--> Parameter TMPDIR set to xst/projnav.tmp


Total REAL time to Xst completion: 1.00 secs
Total CPU time to Xst completion: 0.17 secs
 
--> Parameter xsthdpdir set to xst


Total REAL time to Xst completion: 1.00 secs
Total CPU time to Xst completion: 0.17 secs
 
--> Reading design: Main.prj

TABLE OF CONTENTS
  1) Synthesis Options Summary
  2) HDL Compilation
  3) Design Hierarchy Analysis
  4) HDL Analysis
  5) HDL Synthesis
     5.1) HDL Synthesis Report
  6) Advanced HDL Synthesis
     6.1) Advanced HDL Synthesis Report
  7) Low Level Synthesis
  8) Partition Report
  9) Final Report

=========================================================================
*                      Synthesis Options Summary                        *
=========================================================================
---- Source Parameters
Input File Name                    : "Main.prj"
Input Format                       : mixed
Ignore Synthesis Constraint File   : NO

---- Target Parameters
Output File Name                   : "Main"
Output Format                      : NGC
Target Device                      : CoolRunner2 CPLDs

---- Source Options
Top Module Name                    : Main
Automatic FSM Extraction           : YES
FSM Encoding Algorithm             : Auto
Safe Implementation                : No
Mux Extraction                     : Yes
Resource Sharing                   : YES

---- Target Options
Add IO Buffers                     : YES
MACRO Preserve                     : YES
XOR Preserve                       : YES
Equivalent register Removal        : YES

---- General Options
Optimization Goal                  : Speed
Optimization Effort                : 1
Keep Hierarchy                     : Yes
Netlist Hierarchy                  : As_Optimized
RTL Output                         : Yes
Hierarchy Separator                : /
Bus Delimiter                      : <>
Case Specifier                     : Maintain
Verilog 2001                       : YES

---- Other Options
Clock Enable                       : YES
wysiwyg                            : NO

=========================================================================


=========================================================================
*                          HDL Compilation                              *
=========================================================================
Compiling vhdl file "C:/Users/budis.DESKTOP-HTRVQ17/Desktop/Kevin Teo Sem 4/Digital System/Project/Digital-system-avengers-master/Project/Main/Main.vhd" in Library work.
Entity <Main> compiled.
Entity <Main> (Architecture <Behavioral>) compiled.

=========================================================================
*                     Design Hierarchy Analysis                         *
=========================================================================
Analyzing hierarchy for entity <Main> in library <work> (architecture <Behavioral>).


=========================================================================
*                            HDL Analysis                               *
=========================================================================
Analyzing Entity <Main> in library <work> (Architecture <Behavioral>).
WARNING:Xst:2211 - "C:/Users/budis.DESKTOP-HTRVQ17/Desktop/Kevin Teo Sem 4/Digital System/Project/Digital-system-avengers-master/Project/Main/Main.vhd" line 85: Instantiating black box module <SevenSegment>.
WARNING:Xst:2211 - "C:/Users/budis.DESKTOP-HTRVQ17/Desktop/Kevin Teo Sem 4/Digital System/Project/Digital-system-avengers-master/Project/Main/Main.vhd" line 91: Instantiating black box module <UART>.
    Set user-defined property "divisor =  2604" for instance <TX_CIRCUIT> in unit <Main>.
Entity <Main> analyzed. Unit <Main> generated.


=========================================================================
*                           HDL Synthesis                               *
=========================================================================

Performing bidirectional port resolution...

Synthesizing Unit <Main>.
    Related source file is "C:/Users/budis.DESKTOP-HTRVQ17/Desktop/Kevin Teo Sem 4/Digital System/Project/Digital-system-avengers-master/Project/Main/Main.vhd".
WARNING:Xst:647 - Input <DATA> is never used. This port will be preserved and left unconnected if it belongs to a top-level block or it belongs to a sub-block and the hierarchy of this sub-block is preserved.
WARNING:Xst:653 - Signal <buatdata> is used but never assigned. This sourceless signal will be automatically connected to value 00000000.
Unit <Main> synthesized.


=========================================================================
HDL Synthesis Report

Found no macro
=========================================================================

=========================================================================
*                       Advanced HDL Synthesis                          *
=========================================================================


=========================================================================
Advanced HDL Synthesis Report

Found no macro
=========================================================================

=========================================================================
*                         Low Level Synthesis                           *
=========================================================================

Optimizing unit <Main> ...
WARNING:Xst:2036 - Inserting OBUF on port <BUSY> driven by black box <UART>. Possible simulation mismatch.
WARNING:Xst:2036 - Inserting OBUF on port <TXD> driven by black box <UART>. Possible simulation mismatch.
WARNING:Xst:2036 - Inserting OBUF on port <DISPLAY<6>> driven by black box <SevenSegment>. Possible simulation mismatch.
WARNING:Xst:2036 - Inserting OBUF on port <DISPLAY<5>> driven by black box <SevenSegment>. Possible simulation mismatch.
WARNING:Xst:2036 - Inserting OBUF on port <DISPLAY<4>> driven by black box <SevenSegment>. Possible simulation mismatch.
WARNING:Xst:2036 - Inserting OBUF on port <DISPLAY<3>> driven by black box <SevenSegment>. Possible simulation mismatch.
WARNING:Xst:2036 - Inserting OBUF on port <DISPLAY<2>> driven by black box <SevenSegment>. Possible simulation mismatch.
WARNING:Xst:2036 - Inserting OBUF on port <DISPLAY<1>> driven by black box <SevenSegment>. Possible simulation mismatch.
WARNING:Xst:2036 - Inserting OBUF on port <DISPLAY<0>> driven by black box <SevenSegment>. Possible simulation mismatch.

=========================================================================
*                           Partition Report                            *
=========================================================================

Partition Implementation Status
-------------------------------

  No Partitions were found in this design.

-------------------------------

=========================================================================
*                            Final Report                               *
=========================================================================
Final Results
RTL Top Level Output File Name     : Main.ngr
Top Level Output File Name         : Main
Output Format                      : NGC
Optimization Goal                  : Speed
Keep Hierarchy                     : Yes
Target Technology                  : CoolRunner2 CPLDs
Macro Preserve                     : YES
XOR Preserve                       : YES
Clock Enable                       : YES
wysiwyg                            : NO

Design Statistics
# IOs                              : 20

Cell Usage :
# BELS                             : 1
#      GND                         : 1
# IO Buffers                       : 12
#      IBUF                        : 2
#      OBUF                        : 10
# Others                           : 2
#      SevenSegment                : 1
#      UART                        : 1
=========================================================================
WARNING:Xst:616 - Invalid property "divisor 2604": Did not attach to TX_CIRCUIT.


Total REAL time to Xst completion: 4.00 secs
Total CPU time to Xst completion: 3.79 secs
 
--> 

Total memory usage is 4493080 kilobytes

Number of errors   :    0 (   0 filtered)
Number of warnings :   14 (   0 filtered)
Number of infos    :    0 (   0 filtered)

